<?xml version="1.0" encoding="UTF-8"?>
<!-- Generated by org.testng.reporters.JUnitReportReporter -->
<testsuite hostname="HRK1-LHP-F49333" name="artifact.tests.CartBuilderTest" tests="3" failures="0" timestamp="26 Feb 2015 14:05:50 GMT" time="3.362" errors="0">
  <testcase name="testClearCartWithFullItem" time="1.427" classname="artifact.tests.CartBuilderTest"/>
  <testcase name="testAddFullCorrectItem" time="1.133" classname="artifact.tests.CartBuilderTest"/>
  <testcase name="testAddCorrectItem" time="0.802" classname="artifact.tests.CartBuilderTest"/>
</testsuite> <!-- artifact.tests.CartBuilderTest -->
