<?xml version="1.0" encoding="UTF-8"?>
<!-- Generated by org.testng.reporters.JUnitReportReporter -->
<testsuite hostname="HRK1-LHP-F49333" name="artifact.tests.CartBuilderTest" tests="3" failures="0" timestamp="27 Feb 2015 11:37:25 GMT" time="4.691" errors="0">
  <testcase name="testAddCorrectItem" time="1.044" classname="artifact.tests.CartBuilderTest"/>
  <testcase name="testAddFullCorrectItem" time="1.904" classname="artifact.tests.CartBuilderTest"/>
  <testcase name="testClearCartWithFullItem" time="1.743" classname="artifact.tests.CartBuilderTest"/>
</testsuite> <!-- artifact.tests.CartBuilderTest -->
