<?xml version="1.0" encoding="UTF-8"?>
<!-- Generated by org.testng.reporters.JUnitReportReporter -->
<testsuite hostname="HRK1-LHP-F49333" name="artifact.tests.ChargeOrderTest" tests="2" failures="0" timestamp="26 Feb 2015 14:05:50 GMT" time="1.518" errors="0">
  <testcase name="testClearCartWithFullItem" time="0.790" classname="artifact.tests.ChargeOrderTest"/>
  <testcase name="testAddFullCorrectItem" time="0.728" classname="artifact.tests.ChargeOrderTest"/>
</testsuite> <!-- artifact.tests.ChargeOrderTest -->
