<?xml version="1.0" encoding="UTF-8"?>
<!-- Generated by org.testng.reporters.JUnitReportReporter -->
<testsuite hostname="HRK1-LHP-F49333" name="artifact.tests.CartBuilderTests" tests="1" failures="0" timestamp="19 Feb 2015 16:29:53 GMT" time="1.536" errors="0">
  <testcase name="testAddCorrectItem" time="1.536" classname="artifact.tests.CartBuilderTests"/>
</testsuite> <!-- artifact.tests.CartBuilderTests -->
