<?xml version="1.0" encoding="UTF-8"?>
<!-- Generated by org.testng.reporters.JUnitReportReporter -->
<testsuite hostname="HRK1-LHP-F49333" name="artifact.tests.ChargeOrderTest" tests="2" failures="0" timestamp="27 Feb 2015 11:37:25 GMT" time="2.502" errors="0">
  <testcase name="testAddFullCorrectItem" time="1.115" classname="artifact.tests.ChargeOrderTest"/>
  <testcase name="testClearCartWithFullItem" time="1.387" classname="artifact.tests.ChargeOrderTest"/>
</testsuite> <!-- artifact.tests.ChargeOrderTest -->
