<?xml version="1.0" encoding="UTF-8"?>
<!-- Generated by org.testng.reporters.JUnitReportReporter -->
<testsuite hostname="HRK1-LHP-F49333" name="artifact.tests.CartBuilderTest" tests="1" failures="0" timestamp="20 Feb 2015 15:52:35 GMT" time="1.870" errors="0">
  <testcase name="testAddCorrectItem" time="1.870" classname="artifact.tests.CartBuilderTest"/>
</testsuite> <!-- artifact.tests.CartBuilderTest -->
