<?xml version="1.0" encoding="UTF-8"?>
<!-- Generated by org.testng.reporters.JUnitReportReporter -->
<testsuite hostname="HRK1-LHP-F49333" name="artifact.tests.CartBuilderTest" tests="3" failures="0" timestamp="26 Feb 2015 14:21:19 GMT" time="4.298" errors="0">
  <testcase name="testClearCartWithFullItem" time="1.816" classname="artifact.tests.CartBuilderTest"/>
  <testcase name="testAddCorrectItem" time="0.867" classname="artifact.tests.CartBuilderTest"/>
  <testcase name="testAddFullCorrectItem" time="1.615" classname="artifact.tests.CartBuilderTest"/>
</testsuite> <!-- artifact.tests.CartBuilderTest -->
