<?xml version="1.0" encoding="UTF-8"?>
<!-- Generated by org.testng.reporters.JUnitReportReporter -->
<testsuite hostname="HRK1-LHP-F49333" name="artifact.tests.ChargeOrderTest" tests="2" failures="0" timestamp="26 Feb 2015 14:21:19 GMT" time="1.599" errors="0">
  <testcase name="testAddFullCorrectItem" time="0.724" classname="artifact.tests.ChargeOrderTest"/>
  <testcase name="testClearCartWithFullItem" time="0.875" classname="artifact.tests.ChargeOrderTest"/>
</testsuite> <!-- artifact.tests.ChargeOrderTest -->
